2025-07-10 00:35:15,123 - INFO - Creating database engine...
2025-07-10 00:35:15,172 - INFO - Database engine created successfully.
2025-07-10 00:35:15,172 - INFO - Starting ETL pipeline for vendor summary data...
2025-07-10 00:35:15,172 - INFO - Getting vendor summary data...
2025-07-10 00:35:21,619 - INFO - Vendor summary data retrieved successfully.
2025-07-10 00:35:21,619 - INFO - Cleaning vendor summary data...
2025-07-10 00:35:21,624 - INFO - Vendor summary data cleaned successfully.
2025-07-10 00:35:21,624 - INFO - Retrieved 10514 records from vendor summary data.
2025-07-10 00:35:21,624 - INFO - Columns in vendor summary data: 
vendornumber                 int64
vendorname                  object
description                 object
brand                        int64
purchaseprice              float64
volume                     float64
actual_price               float64
total_purchase_quantity    float64
total_purchase_dollars     float64
totalsalesdollars          float64
totalsalesprice            float64
totalsalesquantity         float64
totalexcisetax             float64
freightcost                float64
grossprofit                float64
profitmargin               float64
stockturnover              float64
salestopurchaseratio       float64
dtype: object
2025-07-10 00:35:21,624 - INFO - Ingesting cleaned vendor summary data into the database...
2025-07-10 00:35:22,384 - INFO - Vendor summary data ingested successfully into 'vendor_sales_summary' table.
2025-07-10 00:35:22,384 - INFO - --------------ETL Pipeline Complete------------
2025-07-10 00:35:22,384 - INFO - Total Time Taken: 0.12 minutes
