2025-07-14 08:51:32,655 - INFO - ---------------Starting data preprocessing----------------
2025-07-14 08:51:32,655 - INFO - Loading data from ../data/final_vendor_analysis.csv
2025-07-14 08:51:32,689 - INFO - Data loaded successfully with shape: (8564, 23)
2025-07-14 08:51:32,689 - INFO - Columns in raw data: ['vendornumber', 'vendorname', 'description', 'brand', 'purchaseprice', 'volume', 'actual_price', 'total_purchase_quantity', 'total_purchase_dollars', 'totalsalesdollars', 'totalsalesprice', 'totalsalesquantity', 'totalexcisetax', 'freightcost', 'grossprofit', 'profitmargin', 'stockturnover', 'salestopurchaseratio', 'profit_per_unit', 'freight_burden', 'unitpurchaseprice', 'ordersize', 'unsold_inventory_value']
2025-07-14 08:51:32,689 - INFO - Data Information: vendornumber                 int64
vendorname                  object
description                 object
brand                        int64
purchaseprice              float64
volume                     float64
actual_price               float64
total_purchase_quantity    float64
total_purchase_dollars     float64
totalsalesdollars          float64
totalsalesprice            float64
totalsalesquantity         float64
totalexcisetax             float64
freightcost                float64
grossprofit                float64
profitmargin               float64
stockturnover              float64
salestopurchaseratio       float64
profit_per_unit            float64
freight_burden             float64
unitpurchaseprice          float64
ordersize                   object
unsold_inventory_value     float64
dtype: object
2025-07-14 08:51:32,689 - INFO - Dropping unnecessary columns: ['vendornumber', 'vendorname', 'description', 'grossprofit', 'profitmargin', 'ordersize']
2025-07-14 08:51:32,689 - INFO - Data Information after dropping columns: brand                        int64
purchaseprice              float64
volume                     float64
actual_price               float64
total_purchase_quantity    float64
total_purchase_dollars     float64
totalsalesdollars          float64
totalsalesprice            float64
totalsalesquantity         float64
totalexcisetax             float64
freightcost                float64
stockturnover              float64
salestopurchaseratio       float64
profit_per_unit            float64
freight_burden             float64
unitpurchaseprice          float64
unsold_inventory_value     float64
dtype: object
2025-07-14 08:51:32,689 - INFO -    brand  purchaseprice  volume  ...  freight_burden  unitpurchaseprice  unsold_inventory_value
0   1233          26.27  1750.0  ...        0.053152              26.27                79624.37
1   3405          23.19  1750.0  ...        0.142783              23.19                87913.29
2   8068          18.24  1750.0  ...        0.110536              18.24                 4870.08
3   4261          16.17  1750.0  ...        0.211588              16.17                20535.90
4   3545          21.89  1750.0  ...        0.214211              21.89                49712.19

[5 rows x 17 columns]
2025-07-14 08:51:32,702 - INFO - Scaling features using StandardScaler
2025-07-14 08:51:32,702 - INFO - Saving processed data to ../data/processed_data.csv
2025-07-14 08:51:32,834 - INFO - Scaler saved to ../models/scaler.pkl
2025-07-14 08:51:32,834 - INFO - Data preprocessing completed successfully
2025-07-14 08:51:32,834 - INFO - ---------------Data preprocessing completed----------------
2025-07-14 09:16:13,914 - INFO - ---------------Starting regression model training----------------
2025-07-14 09:16:13,914 - INFO - Loading preprocessed features and target variable...
2025-07-14 09:16:13,981 - INFO - Splitting data into training and testing sets...
2025-07-14 09:16:13,985 - INFO - Training the regression model...
2025-07-14 09:16:14,040 - INFO - Making predictions on the test set...
2025-07-14 09:16:14,040 - INFO - Model evaluation metrics:
2025-07-14 09:16:14,040 - INFO - R^2 Score: 0.4127739891893869
2025-07-14 09:16:14,040 - INFO - Mean Absolute Error: 11.470047001541083
2025-07-14 09:16:14,040 - INFO - Mean Squared Error: 268.5420028086429
2025-07-14 09:16:14,040 - INFO - Saving the trained model...
2025-07-14 09:16:14,045 - INFO - Model saved to ../models/regression_model.pkl
2025-07-14 09:16:14,045 - INFO - ---------------Regression model training completed----------------
2025-07-14 09:16:52,259 - INFO - ---------------Starting regression model training----------------
2025-07-14 09:16:52,259 - INFO - Loading preprocessed features and target variable...
2025-07-14 09:16:52,323 - INFO - Splitting data into training and testing sets...
2025-07-14 09:16:52,323 - INFO - Training the regression model...
2025-07-14 09:16:52,347 - INFO - Making predictions on the test set...
2025-07-14 09:16:52,348 - INFO - Model evaluation metrics:
2025-07-14 09:16:52,348 - INFO - R^2 Score: 0.4127739891893869
2025-07-14 09:16:52,348 - INFO - Mean Absolute error: 11.470047001541083
2025-07-14 09:16:52,348 - INFO - Mean Squared error: 268.5420028086429
2025-07-14 09:16:52,348 - INFO - Saving the trained model...
2025-07-14 09:16:52,350 - INFO - Model saved to ../models/regression_model.pkl
2025-07-14 09:16:52,350 - INFO - ---------------Regression model training completed----------------
2025-07-14 09:17:17,279 - INFO - ---------------Starting regression model training----------------
2025-07-14 09:17:17,279 - INFO - Loading preprocessed features and target variable...
2025-07-14 09:17:17,319 - INFO - Splitting data into training and testing sets...
2025-07-14 09:17:17,319 - INFO - Training the regression model...
2025-07-14 09:17:23,772 - INFO - Making predictions on the test set...
2025-07-14 09:17:23,822 - INFO - Model evaluation metrics:
2025-07-14 09:17:23,822 - INFO - R^2 Score: 0.9999991638733968
2025-07-14 09:17:23,822 - INFO - Mean Absolute error: 0.010871796504758911
2025-07-14 09:17:23,822 - INFO - Mean Squared error: 0.00038236574756886186
2025-07-14 09:17:23,822 - INFO - Saving the trained model...
2025-07-14 09:17:23,855 - INFO - Model saved to ../models/regression_model.pkl
2025-07-14 09:17:23,869 - INFO - ---------------Regression model training completed----------------
2025-07-14 09:28:40,000 - INFO - ---------------Starting clustering model training----------------
2025-07-14 09:28:40,000 - INFO - Loading preprocessed data...
2025-07-14 09:28:40,028 - INFO - Scaling features using StandardScaler...
2025-07-14 09:28:40,031 - INFO - Training KMeans clustering model with 3 clusters...
2025-07-14 09:28:40,570 - INFO - Saving the trained clustering model...
2025-07-14 09:28:40,571 - INFO - Model saved to ../models/clustering_model.pkl
2025-07-14 09:28:40,571 - INFO - Saving clustering output to ../data/clustering_output.csv
2025-07-14 09:28:40,683 - INFO - Clustering output saved to ../data/clustering_output.csv
2025-07-14 09:28:44,568 - INFO - Elbow method plot saved as elbow_method.png
2025-07-14 09:28:44,568 - INFO - ---------------Clustering model training completed successfully----------------
2025-07-14 09:30:33,427 - INFO - ---------------Starting clustering model training----------------
2025-07-14 09:30:33,427 - INFO - Loading preprocessed data...
2025-07-14 09:30:33,449 - INFO - Scaling features using StandardScaler...
2025-07-14 09:30:33,451 - INFO - Training KMeans clustering model with 3 clusters...
2025-07-14 09:30:33,871 - INFO - Saving the trained clustering model...
2025-07-14 09:30:33,873 - INFO - Model saved to ../models/clustering_model.pkl
2025-07-14 09:30:33,873 - INFO - Saving clustering output to ../data/clustering_output.csv
2025-07-14 09:30:49,782 - INFO - ---------------Starting clustering model training----------------
2025-07-14 09:30:49,782 - INFO - Loading preprocessed data...
2025-07-14 09:30:49,801 - INFO - Scaling features using StandardScaler...
2025-07-14 09:30:49,810 - INFO - Training KMeans clustering model with 3 clusters...
2025-07-14 09:30:50,232 - INFO - Saving the trained clustering model...
2025-07-14 09:30:50,233 - INFO - Model saved to ../models/clustering_model.pkl
2025-07-14 09:30:50,233 - INFO - Saving clustering output to ../data/clustering_output.csv
2025-07-14 09:30:50,396 - INFO - Clustering output saved to ../data/clustering_output.csv
2025-07-14 09:30:53,960 - INFO - Elbow method plot saved as elbow_method.png
2025-07-14 09:30:54,104 - INFO - ---------------Clustering model training completed successfully----------------
2025-07-14 09:31:57,905 - INFO - ---------------Starting clustering model training----------------
2025-07-14 09:31:57,905 - INFO - Loading preprocessed data...
2025-07-14 09:31:57,926 - INFO - Scaling features using StandardScaler...
2025-07-14 09:31:57,929 - INFO - Training KMeans clustering model with 5 clusters...
2025-07-14 09:31:58,348 - INFO - Saving the trained clustering model...
2025-07-14 09:31:58,348 - INFO - Model saved to ../models/clustering_model.pkl
2025-07-14 09:31:58,348 - INFO - Saving clustering output to ../data/clustering_output.csv
2025-07-14 09:31:58,484 - INFO - Clustering output saved to ../data/clustering_output.csv
2025-07-14 09:31:58,818 - INFO - ---------------Clustering model training completed successfully----------------
2025-07-14 09:33:00,194 - INFO - ---------------Starting clustering model training----------------
2025-07-14 09:33:00,194 - INFO - Loading preprocessed data...
2025-07-14 09:33:00,221 - INFO - Scaling features using StandardScaler...
2025-07-14 09:33:00,224 - INFO - Training KMeans clustering model with 2 clusters...
2025-07-14 09:33:00,676 - INFO - Saving the trained clustering model...
2025-07-14 09:33:00,678 - INFO - Model saved to ../models/clustering_model.pkl
2025-07-14 09:33:00,678 - INFO - Saving clustering output to ../data/clustering_output.csv
2025-07-14 09:33:09,237 - INFO - ---------------Starting clustering model training----------------
2025-07-14 09:33:09,237 - INFO - Loading preprocessed data...
2025-07-14 09:33:09,261 - INFO - Scaling features using StandardScaler...
2025-07-14 09:33:09,261 - INFO - Training KMeans clustering model with 2 clusters...
2025-07-14 09:33:09,641 - INFO - Saving the trained clustering model...
2025-07-14 09:33:09,643 - INFO - Model saved to ../models/clustering_model.pkl
2025-07-14 09:33:09,643 - INFO - Saving clustering output to ../data/clustering_output.csv
2025-07-14 09:33:09,766 - INFO - Clustering output saved to ../data/clustering_output.csv
2025-07-14 09:33:10,038 - INFO - ---------------Clustering model training completed successfully----------------
2025-07-14 09:33:58,384 - INFO - ---------------Starting clustering model training----------------
2025-07-14 09:33:58,384 - INFO - Loading preprocessed data...
2025-07-14 09:33:58,408 - INFO - Scaling features using StandardScaler...
2025-07-14 09:33:58,414 - INFO - Training KMeans clustering model with 4 clusters...
2025-07-14 09:33:58,898 - INFO - Saving the trained clustering model...
2025-07-14 09:33:58,900 - INFO - Model saved to ../models/clustering_model.pkl
2025-07-14 09:33:58,900 - INFO - Saving clustering output to ../data/clustering_output.csv
2025-07-14 09:33:59,013 - INFO - Clustering output saved to ../data/clustering_output.csv
2025-07-14 09:33:59,299 - INFO - ---------------Clustering model training completed successfully----------------
2025-07-14 09:35:32,917 - INFO - ---------------Starting clustering model training----------------
2025-07-14 09:35:32,917 - INFO - Loading preprocessed data...
2025-07-14 09:35:32,938 - INFO - Scaling features using StandardScaler...
2025-07-14 09:35:32,938 - INFO - Training KMeans clustering model with 4 clusters...
2025-07-14 09:35:33,388 - INFO - Saving the trained clustering model...
2025-07-14 09:35:33,389 - INFO - Model saved to ../models/clustering_model.pkl
2025-07-14 09:35:33,389 - INFO - Saving clustering output to ../data/clustering_output.csv
2025-07-14 09:35:33,521 - INFO - Clustering output saved to ../data/clustering_output.csv
2025-07-14 09:35:52,751 - INFO - ---------------Clustering model training completed successfully----------------
2025-07-14 09:36:05,501 - INFO - ---------------Starting clustering model training----------------
2025-07-14 09:36:05,502 - INFO - Loading preprocessed data...
2025-07-14 09:36:05,539 - INFO - Scaling features using StandardScaler...
2025-07-14 09:36:05,544 - INFO - Training KMeans clustering model with 3 clusters...
2025-07-14 09:36:05,956 - INFO - Saving the trained clustering model...
2025-07-14 09:36:05,961 - INFO - Model saved to ../models/clustering_model.pkl
2025-07-14 09:36:05,961 - INFO - Saving clustering output to ../data/clustering_output.csv
2025-07-14 09:36:06,084 - INFO - Clustering output saved to ../data/clustering_output.csv
2025-07-14 09:36:15,372 - INFO - ---------------Clustering model training completed successfully----------------
2025-07-14 09:36:33,988 - INFO - ---------------Starting clustering model training----------------
2025-07-14 09:36:33,988 - INFO - Loading preprocessed data...
2025-07-14 09:36:34,008 - INFO - Scaling features using StandardScaler...
2025-07-14 09:36:34,008 - INFO - Training KMeans clustering model with 5 clusters...
2025-07-14 09:36:34,418 - INFO - Saving the trained clustering model...
2025-07-14 09:36:34,426 - INFO - Model saved to ../models/clustering_model.pkl
2025-07-14 09:36:34,426 - INFO - Saving clustering output to ../data/clustering_output.csv
2025-07-14 09:36:34,542 - INFO - Clustering output saved to ../data/clustering_output.csv
2025-07-14 09:36:52,115 - INFO - ---------------Clustering model training completed successfully----------------
2025-07-14 09:37:07,622 - INFO - ---------------Starting clustering model training----------------
2025-07-14 09:37:07,623 - INFO - Loading preprocessed data...
2025-07-14 09:37:07,642 - INFO - Scaling features using StandardScaler...
2025-07-14 09:37:07,646 - INFO - Training KMeans clustering model with 3 clusters...
2025-07-14 09:37:08,053 - INFO - Saving the trained clustering model...
2025-07-14 09:37:08,056 - INFO - Model saved to ../models/clustering_model.pkl
2025-07-14 09:37:08,056 - INFO - Saving clustering output to ../data/clustering_output.csv
2025-07-14 09:37:08,174 - INFO - Clustering output saved to ../data/clustering_output.csv
2025-07-14 09:37:16,174 - INFO - ---------------Clustering model training completed successfully----------------
